# JRE version: OpenJDK Runtime Environment Corretto-16.0.2.7.1 (16.0.2+7) (build 16.0.2+7)
# Java VM: OpenJDK 64-Bit Server VM Corretto-16.0.2.7.1 (16.0.2+7, mixed mode, sharing, tiered, compressed oops, compressed class ptrs, g1 gc, windows-amd64)
GC Precious Log:
 CPUs: 20 total, 20 available
 Memory: 65240M
 Large Page Support: Disabled
 NUMA Support: Disabled
 Compressed Oops: Enabled (32-bit)
 Heap Region Size: 1M
 Heap Min Capacity: 8M
 Heap Initial Capacity: 1020M
 Heap Max Capacity: 2G
 Pre-touch: Disabled
 Parallel Workers: 15
 Concurrent Workers: 4
 Concurrent Refinement Workers: 15
 Periodic GC: Disabled
Heap:
 garbage-first heap   total 201728K, used 127980K [0x0000000080000000, 0x0000000100000000)
  region size 1024K, 37 young (37888K), 8 survivors (8192K)
 Metaspace       used 84450K, committed 85184K, reserved 1122304K
  class space    used 11251K, committed 11584K, reserved 1048576K
GC Heap History (20 events):
Event: 1.906 GC heap after
{Heap after GC invocations=10 (full 0):
 garbage-first heap   total 78848K, used 34073K [0x0000000080000000, 0x0000000100000000)
  region size 1024K, 2 young (2048K), 2 survivors (2048K)
 Metaspace       used 39232K, committed 39616K, reserved 1089536K
  class space    used 5261K, committed 5440K, reserved 1048576K
}
Event: 2.061 GC heap before
{Heap before GC invocations=10 (full 0):
 garbage-first heap   total 78848K, used 60697K [0x0000000080000000, 0x0000000100000000)
  region size 1024K, 28 young (28672K), 2 survivors (2048K)
 Metaspace       used 40925K, committed 41280K, reserved 1089536K
  class space    used 5454K, committed 5632K, reserved 1048576K
}
Event: 2.062 GC heap after
{Heap after GC invocations=11 (full 0):
 garbage-first heap   total 78848K, used 35505K [0x0000000080000000, 0x0000000100000000)
  region size 1024K, 3 young (3072K), 3 survivors (3072K)
 Metaspace       used 40925K, committed 41280K, reserved 1089536K
  class space    used 5454K, committed 5632K, reserved 1048576K
}
Event: 2.137 GC heap before
{Heap before GC invocations=11 (full 0):
 garbage-first heap   total 78848K, used 49841K [0x0000000080000000, 0x0000000100000000)
  region size 1024K, 18 young (18432K), 3 survivors (3072K)
 Metaspace       used 41299K, committed 41728K, reserved 1089536K
  class space    used 5480K, committed 5632K, reserved 1048576K
}
Event: 2.138 GC heap after
{Heap after GC invocations=12 (full 0):
 garbage-first heap   total 78848K, used 38589K [0x0000000080000000, 0x0000000100000000)
  region size 1024K, 4 young (4096K), 4 survivors (4096K)
 Metaspace       used 41299K, committed 41728K, reserved 1089536K
  class space    used 5480K, committed 5632K, reserved 1048576K
}
Event: 2.216 GC heap before
{Heap before GC invocations=13 (full 0):
 garbage-first heap   total 78848K, used 63165K [0x0000000080000000, 0x0000000100000000)
  region size 1024K, 27 young (27648K), 4 survivors (4096K)
 Metaspace       used 42644K, committed 43072K, reserved 1089536K
  class space    used 5659K, committed 5824K, reserved 1048576K
}
Event: 2.217 GC heap after
{Heap after GC invocations=14 (full 0):
 garbage-first heap   total 78848K, used 44632K [0x0000000080000000, 0x0000000100000000)
  region size 1024K, 4 young (4096K), 4 survivors (4096K)
 Metaspace       used 42644K, committed 43072K, reserved 1089536K
  class space    used 5659K, committed 5824K, reserved 1048576K
}
Event: 2.220 GC heap before
{Heap before GC invocations=14 (full 0):
 garbage-first heap   total 78848K, used 45656K [0x0000000080000000, 0x0000000100000000)
  region size 1024K, 5 young (5120K), 4 survivors (4096K)
 Metaspace       used 42772K, committed 43200K, reserved 1089536K
  class space    used 5669K, committed 5824K, reserved 1048576K
}
Event: 2.222 GC heap after
{Heap after GC invocations=15 (full 0):
 garbage-first heap   total 562176K, used 41935K [0x0000000080000000, 0x0000000100000000)
  region size 1024K, 1 young (1024K), 1 survivors (1024K)
 Metaspace       used 42772K, committed 43200K, reserved 1089536K
  class space    used 5669K, committed 5824K, reserved 1048576K
}
Event: 3.720 GC heap before
{Heap before GC invocations=15 (full 0):
 garbage-first heap   total 562176K, used 311247K [0x0000000080000000, 0x0000000100000000)
  region size 1024K, 259 young (265216K), 1 survivors (1024K)
 Metaspace       used 68994K, committed 69568K, reserved 1114112K
  class space    used 9219K, committed 9472K, reserved 1048576K
}
Event: 3.725 GC heap after
{Heap after GC invocations=16 (full 0):
 garbage-first heap   total 562176K, used 58771K [0x0000000080000000, 0x0000000100000000)
  region size 1024K, 17 young (17408K), 17 survivors (17408K)
 Metaspace       used 68994K, committed 69568K, reserved 1114112K
  class space    used 9219K, committed 9472K, reserved 1048576K
}
Event: 4.216 GC heap before
{Heap before GC invocations=17 (full 0):
 garbage-first heap   total 201728K, used 162195K [0x0000000080000000, 0x0000000100000000)
  region size 1024K, 118 young (120832K), 17 survivors (17408K)
 Metaspace       used 75027K, committed 75712K, reserved 1122304K
  class space    used 9933K, committed 10240K, reserved 1048576K
}
Event: 4.220 GC heap after
{Heap after GC invocations=18 (full 0):
 garbage-first heap   total 201728K, used 73996K [0x0000000080000000, 0x0000000100000000)
  region size 1024K, 15 young (15360K), 15 survivors (15360K)
 Metaspace       used 75027K, committed 75712K, reserved 1122304K
  class space    used 9933K, committed 10240K, reserved 1048576K
}
Event: 4.558 GC heap before
{Heap before GC invocations=19 (full 0):
 garbage-first heap   total 201728K, used 146700K [0x0000000080000000, 0x0000000100000000)
  region size 1024K, 87 young (89088K), 15 survivors (15360K)
 Metaspace       used 77249K, committed 77888K, reserved 1122304K
  class space    used 10335K, committed 10624K, reserved 1048576K
}
Event: 4.562 GC heap after
{Heap after GC invocations=20 (full 0):
 garbage-first heap   total 201728K, used 81185K [0x0000000080000000, 0x0000000100000000)
  region size 1024K, 7 young (7168K), 7 survivors (7168K)
 Metaspace       used 77249K, committed 77888K, reserved 1122304K
  class space    used 10335K, committed 10624K, reserved 1048576K
}
Event: 4.816 GC heap before
{Heap before GC invocations=20 (full 0):
 garbage-first heap   total 201728K, used 150817K [0x0000000080000000, 0x0000000100000000)
  region size 1024K, 76 young (77824K), 7 survivors (7168K)
 Metaspace       used 79570K, committed 80256K, reserved 1122304K
  class space    used 10630K, committed 10944K, reserved 1048576K
}
Event: 4.819 GC heap after
{Heap after GC invocations=21 (full 0):
 garbage-first heap   total 201728K, used 85713K [0x0000000080000000, 0x0000000100000000)
  region size 1024K, 5 young (5120K), 5 survivors (5120K)
 Metaspace       used 79570K, committed 80256K, reserved 1122304K
  class space    used 10630K, committed 10944K, reserved 1048576K
}
Event: 5.039 GC heap before
{Heap before GC invocations=21 (full 0):
 garbage-first heap   total 201728K, used 155345K [0x0000000080000000, 0x0000000100000000)
  region size 1024K, 74 young (75776K), 5 survivors (5120K)
 Metaspace       used 83224K, committed 83904K, reserved 1122304K
  class space    used 11064K, committed 11392K, reserved 1048576K
}
Event: 5.042 GC heap after
{Heap after GC invocations=22 (full 0):
 garbage-first heap   total 201728K, used 90507K [0x0000000080000000, 0x0000000100000000)
  region size 1024K, 10 young (10240K), 10 survivors (10240K)
 Metaspace       used 83224K, committed 83904K, reserved 1122304K
  class space    used 11064K, committed 11392K, reserved 1048576K
}
Event: 5.128 GC heap before
{Heap before GC invocations=22 (full 0):
 garbage-first heap   total 201728K, used 126347K [0x0000000080000000, 0x0000000100000000)
  region size 1024K, 39 young (39936K), 10 survivors (10240K)
 Metaspace       used 84450K, committed 85184K, reserved 1122304K
  class space    used 11251K, committed 11584K, reserved 1048576K
}

